Checking if remote manifest is accessible...
Getting manifests from remote server...

Processing super-manifest https://modustoolbox.infineon.com/manifests/mtb-super-manifest/v2.X/mtb-super-manifest-fv2.xml...
One or more elements/attributes was ignored from manifest https://github.com/Infineon/mtb-mw-manifest/raw/v2.X/mtb-mw-manifest-fv2.xml. Run using the --verbose flag for additional details.
Successfully acquired the information.
Reading project (/home/brandonlusk/Downloads/StatCycle/Modus/GPS) information...
Successfully acquired project information.

Checking if remote manifest is accessible...
Getting manifests from remote server...
#################################################################################################### 100%
Processing super-manifest https://modustoolbox.infineon.com/manifests/mtb-super-manifest/v2.X/mtb-super-manifest-fv2.xml...
One or more elements/attributes was ignored from manifest https://github.com/Infineon/mtb-mw-manifest/raw/v2.X/mtb-mw-manifest-fv2.xml. Run using the --verbose flag for additional details.
Successfully acquired the information.

Reading project (/home/brandonlusk/Downloads/StatCycle/Modus/GPS) information...

Successfully acquired project information.

Click "Update" to make these changes on the project:

core-lib: add https://github.com/cypresssemiconductorco/core-lib 1.3.1 release shared (required by "CY8CPROTO-063-BLE release-v3.1.0")
core-make: add https://github.com/cypresssemiconductorco/core-make 1.9.1 release shared (required by "recipe-make-cat1a latest-v1.X", "CY8CPROTO-063-BLE release-v3.1.0")
mtb-hal-cat1: add https://github.com/cypresssemiconductorco/mtb-hal-cat1 2.2.0 release shared (required by "CY8CPROTO-063-BLE release-v3.1.0")
mtb-pdl-cat1: add https://github.com/cypresssemiconductorco/mtb-pdl-cat1 2.4.1 release shared (required by "CY8CPROTO-063-BLE release-v3.1.0")
psoc6cm0p: add https://github.com/cypresssemiconductorco/psoc6cm0p 2.3.0 release shared (required by "CY8CPROTO-063-BLE release-v3.1.0")
recipe-make-cat1a: add https://github.com/cypresssemiconductorco/recipe-make-cat1a 1.9.0 release shared (required by "CY8CPROTO-063-BLE release-v3.1.0")
INFO - Warning: Multiple versions of "core-make" requested. Keeping version "latest-v1.X" and discarding version "release-v1.9.0".
Updating project...
/home/brandonlusk/Downloads/StatCycle/Modus/GPS/libs/core-lib.mtb was added
/home/brandonlusk/Downloads/StatCycle/Modus/GPS/libs/core-make.mtb was added
/home/brandonlusk/Downloads/StatCycle/Modus/GPS/libs/mtb-hal-cat1.mtb was added
/home/brandonlusk/Downloads/StatCycle/Modus/GPS/libs/mtb-pdl-cat1.mtb was added
/home/brandonlusk/Downloads/StatCycle/Modus/GPS/libs/psoc6cm0p.mtb was added
/home/brandonlusk/Downloads/StatCycle/Modus/GPS/libs/recipe-make-cat1a.mtb was added
Running "make getlibs"...
make getlibs CY_TOOLS_PATHS=/home/brandonlusk/ModusToolbox/tools_2.4 QUICK_MODE=1
Tools Directory: /home/brandonlusk/ModusToolbox/tools_2.4

==============================================================================
= Importing libraries =
==============================================================================
Git is git version 2.38.1, found at /usr/bin/git

Searching application directory (.mtb)...
Found 8 .mtb file(s)
    Processing file "/home/brandonlusk/Downloads/StatCycle/Modus/GPS/deps/retarget-io.mtb"
    Processing file "/home/brandonlusk/Downloads/StatCycle/Modus/GPS/deps/TARGET_CY8CPROTO-063-BLE.mtb"
    Processing file "/home/brandonlusk/Downloads/StatCycle/Modus/GPS/libs/core-lib.mtb"
    Processing file "/home/brandonlusk/Downloads/StatCycle/Modus/GPS/libs/core-make.mtb"
    Processing file "/home/brandonlusk/Downloads/StatCycle/Modus/GPS/libs/mtb-hal-cat1.mtb"
    Processing file "/home/brandonlusk/Downloads/StatCycle/Modus/GPS/libs/mtb-pdl-cat1.mtb"
    Processing file "/home/brandonlusk/Downloads/StatCycle/Modus/GPS/libs/psoc6cm0p.mtb"
    Processing file "/home/brandonlusk/Downloads/StatCycle/Modus/GPS/libs/recipe-make-cat1a.mtb"
Libraries processed.
Created file "/home/brandonlusk/Downloads/StatCycle/Modus/GPS/libs/mtb.mk".


==============================================================================
= Import complete =
==============================================================================

==============================================================================

Successfully updated the project.

==============================================================================


Reading project (/home/brandonlusk/Downloads/StatCycle/Modus/GPS) information...
Successfully acquired project information.
