Change Component Designator: Old Designator=C200 New Designator=C14
Change Component Designator: Old Designator=C201 New Designator=C15
Change Component Designator: Old Designator=C202 New Designator=C16
Change Component Designator: Old Designator=C203 New Designator=C17
Change Component Designator: Old Designator=C204 New Designator=C18
Change Component Designator: Old Designator=C205 New Designator=C19
Change Component Designator: Old Designator=D200 New Designator=D5
Change Component Designator: Old Designator=LED200 New Designator=LED1
Change Component Designator: Old Designator=LED201 New Designator=LED2
Change Component Designator: Old Designator=MD200 New Designator=MD1
Change Component Designator: Old Designator=P200 New Designator=P1
Change Component Designator: Old Designator=R200 New Designator=R9
Change Component Designator: Old Designator=R201 New Designator=R10
Change Component Designator: Old Designator=R202 New Designator=R11
Change Component Designator: Old Designator=R203 New Designator=R12
Change Component Designator: Old Designator=R204 New Designator=R13
Change Component Designator: Old Designator=SW200 New Designator=SW3
Change Component Designator: Old Designator=SW201 New Designator=SW4
Change Component Designator: Old Designator=TP200 New Designator=TP13
Change Component Designator: Old Designator=TP201 New Designator=TP14
Change Component Designator: Old Designator=TP202 New Designator=TP15
Change Component Designator: Old Designator=TP203 New Designator=TP16
Change Component Designator: Old Designator=U200 New Designator=U9
Change Component Designator: Old Designator=U201 New Designator=U10
Change Component Designator: Old Designator=Y200 New Designator=Y1
