Change Component Designator: Old Designator=BT200 New Designator=BT2
Change Component Designator: Old Designator=C200 New Designator=C5
Change Component Designator: Old Designator=C201 New Designator=C6
Change Component Designator: Old Designator=C202 New Designator=C7
Change Component Designator: Old Designator=C203 New Designator=C8
Change Component Designator: Old Designator=C? New Designator=C9
Change Component Designator: Old Designator=C? New Designator=C10
Change Component Designator: Old Designator=D200 New Designator=D2
Change Component Designator: Old Designator=L200 New Designator=L2
Change Component Designator: Old Designator=Q200 New Designator=Q2
Change Component Designator: Old Designator=R200 New Designator=R4
Change Component Designator: Old Designator=R201 New Designator=R5
Change Component Designator: Old Designator=R202 New Designator=R6
Change Component Designator: Old Designator=SW200 New Designator=SW2
Change Component Designator: Old Designator=TP200 New Designator=TP3
Change Component Designator: Old Designator=TP201 New Designator=TP4
Change Component Designator: Old Designator=TP202 New Designator=TP6
Change Component Designator: Old Designator=TP203 New Designator=TP7
Change Component Designator: Old Designator=TP204 New Designator=TP8
Change Component Designator: Old Designator=TP? New Designator=TP5
Change Component Designator: Old Designator=U200 New Designator=U2
Change Component Designator: Old Designator=U? New Designator=U3
Change Component Designator: Old Designator=U? New Designator=U4
Change Component Designator: Old Designator=U? New Designator=U5
