Change Component Designator: Old Designator=C1 New Designator=C20
Change Component Designator: Old Designator=C2 New Designator=C21
Change Component Designator: Old Designator=C3 New Designator=C22
Change Component Designator: Old Designator=C4 New Designator=C24
Change Component Designator: Old Designator=C5 New Designator=C23
Change Component Designator: Old Designator=C6 New Designator=C25
Change Component Designator: Old Designator=LED1 New Designator=LED3
Change Component Designator: Old Designator=LED2 New Designator=LED4
Change Component Designator: Old Designator=LED3 New Designator=LED5
Change Component Designator: Old Designator=LED4 New Designator=LED7
Change Component Designator: Old Designator=LED5 New Designator=LED6
Change Component Designator: Old Designator=LED6 New Designator=LED8
Change Component Designator: Old Designator=Q1 New Designator=Q5
Change Component Designator: Old Designator=Q2 New Designator=Q6
Change Component Designator: Old Designator=Q3 New Designator=Q4
Change Component Designator: Old Designator=Q4 New Designator=Q3
Change Component Designator: Old Designator=R1 New Designator=R14
Change Component Designator: Old Designator=R2 New Designator=R15
Change Component Designator: Old Designator=R3 New Designator=R16
Change Component Designator: Old Designator=R4 New Designator=R18
Change Component Designator: Old Designator=R5 New Designator=R17
Change Component Designator: Old Designator=R6 New Designator=R19
Change Component Designator: Old Designator=TP-Blue New Designator=TP-Blue1
Change Component Designator: Old Designator=TP-Green New Designator=TP-Green1
Change Component Designator: Old Designator=TP-Red New Designator=TP-Red1
Change Component Designator: Old Designator=TP-White New Designator=TP-White1
